<?xml version="1.0" encoding="UTF-8"?>
<!-- Generated by org.testng.reporters.JUnitXMLReporter -->
<testsuite ignored="0" hostname="administrator-Latitude-3450" failures="0" tests="4" name="testngpack" time="0.139" errors="0" timestamp="2021-10-20T20:17:06 IST">
  <testcase classname="testngpack.day1" name="carlogin" time="0.019"/>
  <testcase classname="testngpack.day1" name="homeloan" time="0.003"/>
  <testcase classname="testngpack.day1" name="login" time="0.002"/>
  <testcase classname="testngpack.day1" name="mobileloan" time="0.002"/>
</testsuite> <!-- testngpack -->
