<?xml version="1.0" encoding="UTF-8"?>
<!-- Generated by org.testng.reporters.JUnitXMLReporter -->
<testsuite hostname="administrator-Latitude-3450" ignored="3" name="Test" tests="1" failures="0" timestamp="2021-10-24T13:57:49 IST" time="0.307" errors="0">
  <testcase name="mobileloan" time="0.094" classname="testngpack.day1"/>
  <testcase name="login" time="0.0" classname="testngpack.day1">
    <ignored/>
  </testcase> <!-- login -->
  <testcase name="carlogin" time="0.0" classname="testngpack.day1">
    <ignored/>
  </testcase> <!-- carlogin -->
  <testcase name="homeloan" time="0.0" classname="testngpack.day1">
    <ignored/>
  </testcase> <!-- homeloan -->
</testsuite> <!-- Test -->
