<?xml version="1.0" encoding="UTF-8"?>
<testng-results skipped="0" failed="0" ignored="3" total="4" passed="1">
  <reporter-output>
  </reporter-output>
  <suite name="Suite" duration-ms="307" started-at="2021-10-24T13:57:49 IST" finished-at="2021-10-24T13:57:49 IST">
    <groups>
    </groups>
    <test name="Test" duration-ms="307" started-at="2021-10-24T13:57:49 IST" finished-at="2021-10-24T13:57:49 IST">
      <class name="testngpack.day1">
        <test-method status="PASS" signature="mobileloan()[pri:0, instance:testngpack.day1@51cdd8a]" name="mobileloan" duration-ms="94" started-at="2021-10-24T13:57:49 IST" finished-at="2021-10-24T13:57:49 IST">
          <reporter-output>
          </reporter-output>
        </test-method> <!-- mobileloan -->
      </class> <!-- testngpack.day1 -->
    </test> <!-- Test -->
  </suite> <!-- Suite -->
</testng-results>
